<?xml version="1.0" encoding="UTF-8"?>
<!-- Generated by org.testng.reporters.JUnitReportReporter -->
<testsuite skipped="0" hostname="DESKTOP-J8F1K4P" name="test_cases.ImdbDataBaseViewTest" tests="1" failures="0" timestamp="10 Feb 2018 08:07:10 GMT" time="0.040" errors="0">
  <testcase name="fetchFromImdbDataBase" time="0.040" classname="test_cases.ImdbDataBaseViewTest"/>
</testsuite> <!-- test_cases.ImdbDataBaseViewTest -->
