<?xml version="1.0" encoding="UTF-8"?>
<!-- Generated by org.testng.reporters.JUnitReportReporter -->
<testsuite skipped="0" hostname="DESKTOP-J8F1K4P" name="test_cases.ImdbDataBaseEntryTest" tests="2" failures="0" timestamp="10 Feb 2018 08:07:10 GMT" time="77.470" errors="0">
  <testcase name="putDataToDataBase" time="48.053" classname="test_cases.ImdbDataBaseEntryTest"/>
  <testcase name="fetchFromImdbPage" time="29.417" classname="test_cases.ImdbDataBaseEntryTest"/>
</testsuite> <!-- test_cases.ImdbDataBaseEntryTest -->
