<?xml version="1.0" encoding="UTF-8"?>
<!-- Generated by org.testng.reporters.JUnitReportReporter -->
<testsuite skipped="0" hostname="DESKTOP-J8F1K4P" name="test_cases.ImdbDataBaseEntryTest" tests="2" failures="0" timestamp="08 Feb 2018 19:26:45 GMT" time="42.589" errors="0">
  <testcase name="fetchFromImdbPage" time="39.378" classname="test_cases.ImdbDataBaseEntryTest"/>
  <testcase name="putDataToDataBase" time="3.211" classname="test_cases.ImdbDataBaseEntryTest"/>
</testsuite> <!-- test_cases.ImdbDataBaseEntryTest -->
